<?xml version="1.0" encoding="UTF-8"?>
<testng-results ignored="0" total="2" passed="2" failed="0" skipped="0">
  <reporter-output>
  </reporter-output>
  <suite started-at="2023-09-26T14:27:06 IST" name="Surefire suite" finished-at="2023-09-26T14:27:07 IST" duration-ms="1795">
    <groups>
    </groups>
    <test started-at="2023-09-26T14:27:06 IST" name="Surefire test" finished-at="2023-09-26T14:27:07 IST" duration-ms="1795">
      <class name="com.destination.BankingApplication.Test.BankAppTest">
        <test-method signature="testAdmin()[pri:0, instance:com.destination.BankingApplication.Test.BankAppTest@3c153a1]" started-at="2023-09-26T14:27:06 IST" name="testAdmin" finished-at="2023-09-26T14:27:07 IST" duration-ms="1665" status="PASS">
          <reporter-output>
          </reporter-output>
        </test-method> <!-- testAdmin -->
        <test-method signature="testAdmin2()[pri:0, instance:com.destination.BankingApplication.Test.BankAppTest@3c153a1]" started-at="2023-09-26T14:27:07 IST" name="testAdmin2" finished-at="2023-09-26T14:27:07 IST" duration-ms="53" status="PASS">
          <reporter-output>
          </reporter-output>
        </test-method> <!-- testAdmin2 -->
      </class> <!-- com.destination.BankingApplication.Test.BankAppTest -->
    </test> <!-- Surefire test -->
  </suite> <!-- Surefire suite -->
</testng-results>
