<?xml version="1.0" encoding="UTF-8"?>
<!-- Generated by org.testng.reporters.JUnitXMLReporter -->
<testsuite ignored="0" hostname="Deekshith" failures="0" tests="2" name="Surefire test" time="1.795" errors="0" timestamp="2023-09-26T14:27:07 IST">
  <testcase classname="com.destination.BankingApplication.Test.BankAppTest" name="testAdmin" time="1.665"/>
  <testcase classname="com.destination.BankingApplication.Test.BankAppTest" name="testAdmin2" time="0.053"/>
</testsuite> <!-- Surefire test -->
